<?xml version="1.0" encoding="UTF-8"?>
<testng-results ignored="0" total="0" passed="0" failed="0" skipped="0">
  <reporter-output>
  </reporter-output>
  <suite started-at="2022-02-27T14:57:48 IST" name="com.browser.test.MobileBrowserTest" finished-at="2022-02-27T14:57:48 IST" duration-ms="13">
    <groups>
    </groups>
    <test started-at="2022-02-27T14:57:48 IST" name="Command line test" finished-at="2022-02-27T14:57:48 IST" duration-ms="13">
    </test> <!-- Command line test -->
  </suite> <!-- com.browser.test.MobileBrowserTest -->
</testng-results>
